Ansys Lumerical 2024 R1 FDTD Solver Version 8.31.3633 (Windows 64bit)
 expires (month/day/year): 12/31/2035
using config file: Ansys Licensing set with ANSYSLMD_LICENSE_FILE
license host: 1055@LOCALHOST
current time: 周一 11月 17 05:23:16 2025
Running on host: WYC
host available memory (GB): 18.147525
All processes are communicating and ready to proceed to simulation...
Running fsp file: D:\Program Files\Lumerical\v241\bin\fdtd-engine-msmpi.exe -t 1 -remote -shared-solve-license QU5TWVNfTElDRU5TSU5HX0NPTlRFWFRfREFUQT08QU5TWVNfTElDRU5TSU5HX0NPTlRFWFRfREFUQT48SUQ+NjE5ZGNhYTgtZWE2Ni00MzQwLTljNDQtZDFhMjEzNjBhNDlhPC9JRD48VFlQRT5IUENfUEFSQU1FVFJJQzwvVFlQRT48TkFNRT5IUEMgUGFyYW1ldHJpYzwvTkFNRT48SEFORExFUj42MzI3MUBXWUM8L0hBTkRMRVI+PC9BTlNZU19MSUNFTlNJTkdfQ09OVEVYVF9EQVRBPgo= D:/simulation/Simulation Project/simulation/LNOI-PWB-SMF/LNOI.fsp
Starting meshing
Simulation size in gridpoints: 1 x 60 x 43
Refined 0 mesh cells (0%)
Completed meshing!
Meshing complete in 0 seconds of CPU time
Starting meshing
Simulation size in gridpoints: 1 x 60 x 43
Refined 0 mesh cells (0%)
Completed meshing!
Meshing complete in 0 seconds of CPU time
Starting meshing
Simulation size in gridpoints: 1 x 60 x 43
Refined 0 mesh cells (0%)
Completed meshing!
Meshing complete in 0 seconds of CPU time
number of processors is 16
processors are distributed as: 16x1x1
Running 3D Simulation
Starting meshing
Simulation size in gridpoints: 85 x 74 x 57
Refined 0 mesh cells (0%)
Completed meshing!
Meshing complete in 0.65625 seconds of CPU time
0 0
Starting meshing
Simulation size in gridpoints: 85 x 74 x 57
Refined 0 mesh cells (0%)
Completed meshing!
Meshing complete in 0.671875 seconds of CPU time
0 0
Starting meshing
Simulation size in gridpoints: 85 x 74 x 57
Refined 0 mesh cells (0%)
Completed meshing!
Meshing complete in 0.6875 seconds of CPU time
0 0
finished material properties
Meshing Time: 2.07964 seconds, Init Electrical Material Time: 0.061528 seconds, Init Magnetic Material Time: 0.0013882
Using selected optimization level: 2
Selecting 3d kernel for splitFieldDirection=0 and optLevel=2
-----------------------------------------
Beginning initialization of 3D Simulation
Starting to add sources to simulation
Adding 3D Mode source propagating in X
Starting to add boundary conditions to simulation
Adding 3D PML BC
Adding 3D Parallel BC
Adding 3D PML BC
Adding 3D PML BC
Adding 3D PML BC
Adding 3D PML BC
Starting to add monitors to Simulation
Adding analysis monitor
Adding 3D DFT monitor
Adding 3D DFT monitor
Adding 3D DFT monitor
Adding 3D DFT monitor
Adding 3D DFT monitor
Finished initialization of 3D Simulation
-----------------------------------------
All processes are communicating and ready to proceed to simulation...
Starting 11480 total iterations
0.418106% complete. Elapsed simulation time: 6.27159e-15 secs. Max time remaining: 2 mins, 53 secs. Auto Shutoff: 1
2.09053% complete. Elapsed simulation time: 3.13579e-14 secs. Max time remaining: 2 mins, 46 secs. Auto Shutoff: 1
3.20548% complete. Elapsed simulation time: 4.80822e-14 secs. Max time remaining: 2 mins, 47 secs. Auto Shutoff: 1
4.32043% complete. Elapsed simulation time: 6.48064e-14 secs. Max time remaining: 2 mins, 43 secs. Auto Shutoff: 1
5.43538% complete. Elapsed simulation time: 8.15306e-14 secs. Max time remaining: 2 mins, 39 secs. Auto Shutoff: 1.00692
6.55032% complete. Elapsed simulation time: 9.82549e-14 secs. Max time remaining: 2 mins, 36 secs. Auto Shutoff: 0.991049
7.66527% complete. Elapsed simulation time: 1.14979e-13 secs. Max time remaining: 2 mins, 34 secs. Auto Shutoff: 0.990703
8.78022% complete. Elapsed simulation time: 1.31703e-13 secs. Max time remaining: 2 mins, 31 secs. Auto Shutoff: 1.03521
9.89517% complete. Elapsed simulation time: 1.48428e-13 secs. Max time remaining: 2 mins, 29 secs. Auto Shutoff: 0.986898
11.0101% complete. Elapsed simulation time: 1.65152e-13 secs. Max time remaining: 2 mins, 27 secs. Auto Shutoff: 1.04184
